<?xml version="1.0" encoding="UTF-8"?>
<testng-results ignored="0" total="1" passed="1" failed="0" skipped="0">
  <reporter-output>
  </reporter-output>
  <suite started-at="2023-07-28T16:23:57 IST" name="OrderingFlowEndToEnd" finished-at="2023-07-28T16:24:17 IST" duration-ms="19978">
    <groups>
    </groups>
    <test started-at="2023-07-28T16:23:57 IST" name="OrderFlow" finished-at="2023-07-28T16:24:17 IST" duration-ms="19978">
      <class name="tests.PlaceOrderFlow">
        <test-method is-config="true" signature="launchApplication()[pri:0, instance:tests.PlaceOrderFlow@141e5bef]" started-at="2023-07-28T16:23:57 IST" name="launchApplication" finished-at="2023-07-28T16:24:09 IST" duration-ms="11639" status="PASS">
          <reporter-output>
          </reporter-output>
        </test-method> <!-- launchApplication -->
        <test-method signature="OrderFlowEndToEnd()[pri:0, instance:tests.PlaceOrderFlow@141e5bef]" started-at="2023-07-28T16:24:09 IST" name="OrderFlowEndToEnd" finished-at="2023-07-28T16:24:17 IST" duration-ms="8050" status="PASS">
          <reporter-output>
          </reporter-output>
        </test-method> <!-- OrderFlowEndToEnd -->
      </class> <!-- tests.PlaceOrderFlow -->
    </test> <!-- OrderFlow -->
  </suite> <!-- OrderingFlowEndToEnd -->
</testng-results>
