<?xml version="1.0" encoding="UTF-8"?>
<testng-results ignored="0" total="1" passed="1" failed="0" skipped="0">
  <reporter-output>
  </reporter-output>
  <suite started-at="2023-07-28T12:00:15 IST" name="Default suite" finished-at="2023-07-28T12:00:45 IST" duration-ms="30393">
    <groups>
    </groups>
    <test started-at="2023-07-28T12:00:15 IST" name="Default test" finished-at="2023-07-28T12:00:45 IST" duration-ms="30393">
      <class name="tests.PlaceOrderFlow">
        <test-method is-config="true" signature="launchApplication()[pri:0, instance:tests.PlaceOrderFlow@3cebbb30]" started-at="2023-07-28T12:00:15 IST" name="launchApplication" finished-at="2023-07-28T12:00:25 IST" duration-ms="10003" status="PASS">
          <reporter-output>
          </reporter-output>
        </test-method> <!-- launchApplication -->
        <test-method signature="OrderFlowEndToEnd()[pri:0, instance:tests.PlaceOrderFlow@3cebbb30]" started-at="2023-07-28T12:00:25 IST" name="OrderFlowEndToEnd" finished-at="2023-07-28T12:00:45 IST" duration-ms="20176" status="PASS">
          <reporter-output>
          </reporter-output>
        </test-method> <!-- OrderFlowEndToEnd -->
      </class> <!-- tests.PlaceOrderFlow -->
    </test> <!-- Default test -->
  </suite> <!-- Default suite -->
</testng-results>
